# JRE version: OpenJDK Runtime Environment (8.0_242-b01) (build 1.8.0_242-release-1644-b01)
# Java VM: OpenJDK 64-Bit Server VM (25.242-b01 mixed mode windows-amd64 compressed oops)
Heap:
 PSYoungGen      total 402432K, used 232960K [0x00000000d5580000, 0x0000000100000000, 0x0000000100000000)
  eden space 232960K, 100% used [0x00000000d5580000,0x00000000e3900000,0x00000000e3900000)
  from space 169472K, 0% used [0x00000000f5a80000,0x00000000f5a80000,0x0000000100000000)
  to   space 232960K, 0% used [0x00000000e3900000,0x00000000e3900000,0x00000000f1c80000)
 ParOldGen       total 1398272K, used 1398006K [0x0000000080000000, 0x00000000d5580000, 0x00000000d5580000)
  object space 1398272K, 99% used [0x0000000080000000,0x00000000d553da30,0x00000000d5580000)
 Metaspace       used 376520K, capacity 402088K, committed 403224K, reserved 1400832K
  class space    used 47663K, capacity 52142K, committed 52272K, reserved 1048576K
GC Heap History (10 events):
Event: 12380.610 GC heap after
Heap after GC invocations=884 (full 742):
 PSYoungGen      total 402432K, used 232958K [0x00000000d5580000, 0x0000000100000000, 0x0000000100000000)
  eden space 232960K, 99% used [0x00000000d5580000,0x00000000e38ffa40,0x00000000e3900000)
  from space 169472K, 0% used [0x00000000f5a80000,0x00000000f5a80000,0x0000000100000000)
  to   space 232960K, 0% used [0x00000000e3900000,0x00000000e3900000,0x00000000f1c80000)
 ParOldGen       total 1398272K, used 1398006K [0x0000000080000000, 0x00000000d5580000, 0x00000000d5580000)
  object space 1398272K, 99% used [0x0000000080000000,0x00000000d553da50,0x00000000d5580000)
 Metaspace       used 376520K, capacity 402088K, committed 403224K, reserved 1400832K
  class space    used 47663K, capacity 52142K, committed 52272K, reserved 1048576K
}
Event: 12380.610 GC heap before
{Heap before GC invocations=885 (full 743):
 PSYoungGen      total 402432K, used 232960K [0x00000000d5580000, 0x0000000100000000, 0x0000000100000000)
  eden space 232960K, 100% used [0x00000000d5580000,0x00000000e3900000,0x00000000e3900000)
  from space 169472K, 0% used [0x00000000f5a80000,0x00000000f5a80000,0x0000000100000000)
  to   space 232960K, 0% used [0x00000000e3900000,0x00000000e3900000,0x00000000f1c80000)
 ParOldGen       total 1398272K, used 1398006K [0x0000000080000000, 0x00000000d5580000, 0x00000000d5580000)
  object space 1398272K, 99% used [0x0000000080000000,0x00000000d553da50,0x00000000d5580000)
 Metaspace       used 376520K, capacity 402088K, committed 403224K, reserved 1400832K
  class space    used 47663K, capacity 52142K, committed 52272K, reserved 1048576K
Event: 12382.050 GC heap after
Heap after GC invocations=885 (full 743):
 PSYoungGen      total 402432K, used 232958K [0x00000000d5580000, 0x0000000100000000, 0x0000000100000000)
  eden space 232960K, 99% used [0x00000000d5580000,0x00000000e38ffa90,0x00000000e3900000)
  from space 169472K, 0% used [0x00000000f5a80000,0x00000000f5a80000,0x0000000100000000)
  to   space 232960K, 0% used [0x00000000e3900000,0x00000000e3900000,0x00000000f1c80000)
 ParOldGen       total 1398272K, used 1398006K [0x0000000080000000, 0x00000000d5580000, 0x00000000d5580000)
  object space 1398272K, 99% used [0x0000000080000000,0x00000000d553da50,0x00000000d5580000)
 Metaspace       used 376520K, capacity 402088K, committed 403224K, reserved 1400832K
  class space    used 47663K, capacity 52142K, committed 52272K, reserved 1048576K
}
Event: 12382.050 GC heap before
{Heap before GC invocations=886 (full 744):
 PSYoungGen      total 402432K, used 232960K [0x00000000d5580000, 0x0000000100000000, 0x0000000100000000)
  eden space 232960K, 100% used [0x00000000d5580000,0x00000000e3900000,0x00000000e3900000)
  from space 169472K, 0% used [0x00000000f5a80000,0x00000000f5a80000,0x0000000100000000)
  to   space 232960K, 0% used [0x00000000e3900000,0x00000000e3900000,0x00000000f1c80000)
 ParOldGen       total 1398272K, used 1398006K [0x0000000080000000, 0x00000000d5580000, 0x00000000d5580000)
  object space 1398272K, 99% used [0x0000000080000000,0x00000000d553da50,0x00000000d5580000)
 Metaspace       used 376520K, capacity 402088K, committed 403224K, reserved 1400832K
  class space    used 47663K, capacity 52142K, committed 52272K, reserved 1048576K
Event: 12383.476 GC heap after
Heap after GC invocations=886 (full 744):
 PSYoungGen      total 402432K, used 232958K [0x00000000d5580000, 0x0000000100000000, 0x0000000100000000)
  eden space 232960K, 99% used [0x00000000d5580000,0x00000000e38ffa20,0x00000000e3900000)
  from space 169472K, 0% used [0x00000000f5a80000,0x00000000f5a80000,0x0000000100000000)
  to   space 232960K, 0% used [0x00000000e3900000,0x00000000e3900000,0x00000000f1c80000)
 ParOldGen       total 1398272K, used 1398006K [0x0000000080000000, 0x00000000d5580000, 0x00000000d5580000)
  object space 1398272K, 99% used [0x0000000080000000,0x00000000d553da30,0x00000000d5580000)
 Metaspace       used 376520K, capacity 402088K, committed 403224K, reserved 1400832K
  class space    used 47663K, capacity 52142K, committed 52272K, reserved 1048576K
}
Event: 12383.476 GC heap before
{Heap before GC invocations=887 (full 745):
 PSYoungGen      total 402432K, used 232960K [0x00000000d5580000, 0x0000000100000000, 0x0000000100000000)
  eden space 232960K, 100% used [0x00000000d5580000,0x00000000e3900000,0x00000000e3900000)
  from space 169472K, 0% used [0x00000000f5a80000,0x00000000f5a80000,0x0000000100000000)
  to   space 232960K, 0% used [0x00000000e3900000,0x00000000e3900000,0x00000000f1c80000)
 ParOldGen       total 1398272K, used 1398006K [0x0000000080000000, 0x00000000d5580000, 0x00000000d5580000)
  object space 1398272K, 99% used [0x0000000080000000,0x00000000d553da30,0x00000000d5580000)
 Metaspace       used 376520K, capacity 402088K, committed 403224K, reserved 1400832K
  class space    used 47663K, capacity 52142K, committed 52272K, reserved 1048576K
Event: 12385.012 GC heap after
Heap after GC invocations=887 (full 745):
 PSYoungGen      total 402432K, used 232958K [0x00000000d5580000, 0x0000000100000000, 0x0000000100000000)
  eden space 232960K, 99% used [0x00000000d5580000,0x00000000e38ffa50,0x00000000e3900000)
  from space 169472K, 0% used [0x00000000f5a80000,0x00000000f5a80000,0x0000000100000000)
  to   space 232960K, 0% used [0x00000000e3900000,0x00000000e3900000,0x00000000f1c80000)
 ParOldGen       total 1398272K, used 1398006K [0x0000000080000000, 0x00000000d5580000, 0x00000000d5580000)
  object space 1398272K, 99% used [0x0000000080000000,0x00000000d553da30,0x00000000d5580000)
 Metaspace       used 376520K, capacity 402088K, committed 403224K, reserved 1400832K
  class space    used 47663K, capacity 52142K, committed 52272K, reserved 1048576K
}
Event: 12385.012 GC heap before
{Heap before GC invocations=888 (full 746):
 PSYoungGen      total 402432K, used 232960K [0x00000000d5580000, 0x0000000100000000, 0x0000000100000000)
  eden space 232960K, 100% used [0x00000000d5580000,0x00000000e3900000,0x00000000e3900000)
  from space 169472K, 0% used [0x00000000f5a80000,0x00000000f5a80000,0x0000000100000000)
  to   space 232960K, 0% used [0x00000000e3900000,0x00000000e3900000,0x00000000f1c80000)
 ParOldGen       total 1398272K, used 1398006K [0x0000000080000000, 0x00000000d5580000, 0x00000000d5580000)
  object space 1398272K, 99% used [0x0000000080000000,0x00000000d553da30,0x00000000d5580000)
 Metaspace       used 376520K, capacity 402088K, committed 403224K, reserved 1400832K
  class space    used 47663K, capacity 52142K, committed 52272K, reserved 1048576K
Event: 12386.474 GC heap after
Heap after GC invocations=888 (full 746):
 PSYoungGen      total 402432K, used 232959K [0x00000000d5580000, 0x0000000100000000, 0x0000000100000000)
  eden space 232960K, 99% used [0x00000000d5580000,0x00000000e38ffca8,0x00000000e3900000)
  from space 169472K, 0% used [0x00000000f5a80000,0x00000000f5a80000,0x0000000100000000)
  to   space 232960K, 0% used [0x00000000e3900000,0x00000000e3900000,0x00000000f1c80000)
 ParOldGen       total 1398272K, used 1398006K [0x0000000080000000, 0x00000000d5580000, 0x00000000d5580000)
  object space 1398272K, 99% used [0x0000000080000000,0x00000000d553da30,0x00000000d5580000)
 Metaspace       used 376520K, capacity 402088K, committed 403224K, reserved 1400832K
  class space    used 47663K, capacity 52142K, committed 52272K, reserved 1048576K
}
Event: 12386.474 GC heap before
{Heap before GC invocations=889 (full 747):
 PSYoungGen      total 402432K, used 232960K [0x00000000d5580000, 0x0000000100000000, 0x0000000100000000)
  eden space 232960K, 100% used [0x00000000d5580000,0x00000000e3900000,0x00000000e3900000)
  from space 169472K, 0% used [0x00000000f5a80000,0x00000000f5a80000,0x0000000100000000)
  to   space 232960K, 0% used [0x00000000e3900000,0x00000000e3900000,0x00000000f1c80000)
 ParOldGen       total 1398272K, used 1398006K [0x0000000080000000, 0x00000000d5580000, 0x00000000d5580000)
  object space 1398272K, 99% used [0x0000000080000000,0x00000000d553da30,0x00000000d5580000)
 Metaspace       used 376520K, capacity 402088K, committed 403224K, reserved 1400832K
  class space    used 47663K, capacity 52142K, committed 52272K, reserved 1048576K

